<?xml version="1.0" encoding="UTF-8"?>
<!-- Generated by org.testng.reporters.JUnitReportReporter -->
<testsuite hostname="DESKTOP-8DDEUSS" failures="0" tests="3" name="day34.testngg" time="27.494" errors="0" timestamp="2023-04-29T19:59:49 IST" skipped="0">
  <testcase classname="day34.testngg" name="openapp" time="22.248"/>
  <system-out/>
  <testcase classname="day34.testngg" name="loginapplication" time="4.767"/>
  <system-out/>
  <testcase classname="day34.testngg" name="close" time="0.479"/>
  <system-out/>
</testsuite> <!-- day34.testngg -->
