<?xml version="1.0" encoding="UTF-8"?>
<!-- Generated by org.testng.reporters.JUnitReportReporter -->
<testsuite hostname="DESKTOP-8DDEUSS" failures="0" tests="2" name="Day35.anotation2" time="0.012" errors="0" timestamp="2023-05-02T12:38:57 IST" skipped="0">
  <testcase classname="Day35.anotation2" name="search" time="0.010"/>
  <system-out/>
  <testcase classname="Day35.anotation2" name="advancedsearch" time="0.002"/>
  <system-out/>
</testsuite> <!-- Day35.anotation2 -->
