<?xml version="1.0" encoding="UTF-8"?>
<!-- Generated by org.testng.reporters.JUnitReportReporter -->
<testsuite hostname="DESKTOP-8DDEUSS" failures="0" tests="2" name="Day35.anotations" time="0.023" errors="0" timestamp="2023-04-29T20:29:48 IST" skipped="0">
  <testcase classname="Day35.anotations" name="search" time="0.014"/>
  <system-out/>
  <testcase classname="Day35.anotations" name="advancedsearch" time="0.009"/>
  <system-out/>
</testsuite> <!-- Day35.anotations -->
